
> royal-perfume@0.1.0 build
> next build

ΓÜá Warning: Next.js inferred your workspace root, but it may not be correct.
 We detected multiple lockfiles and selected the directory of C:\Users\ahmed\package-lock.json as the root directory.
 To silence this warning, set `turbopack.root` in your Next.js config, or consider removing one of the lockfiles if it's not needed.
   See https://nextjs.org/docs/app/api-reference/config/next-config-js/turbopack#root-directory for more information.
 Detected additional lockfiles: 
   * C:\Users\ahmed\OneDrive\Desktop\Disk\RoyalPerfume\package-lock.json

Γû▓ Next.js 16.1.6 (Turbopack)
- Environments: .env.local

ΓÜá The "middleware" file convention is deprecated. Please use "proxy" instead. Learn more: https://nextjs.org/docs/messages/middleware-to-proxy
  Creating an optimized production build ...
Γ£ô Compiled successfully in 8.5s
  Running TypeScript ...
  Collecting page data using 15 workers ...
ΓÜá Using edge runtime on a page currently disables static generation for that page
  Generating static pages using 15 workers (0/10) ...
ΓÜá metadataBase property in metadata export is not set for resolving social open graph or twitter images, using "http://localhost:3000". See https://nextjs.org/docs/app/api-reference/functions/generate-metadata#metadatabase
  Generating static pages using 15 workers (2/10) 
  Generating static pages using 15 workers (4/10) 
  Generating static pages using 15 workers (7/10) 
Γ£ô Generating static pages using 15 workers (10/10) in 548.8ms
  Finalizing page optimization ...

Route (app)
Γöî Γùï /
Γö£ Γùï /_not-found
Γö£ Γùï /admin
Γö£ Γùï /admin/login
Γö£ ╞Æ /admin/orders
Γö£ ╞Æ /admin/products
Γö£ ╞Æ /admin/products/[id]
Γö£ Γùï /admin/products/new
Γö£ ╞Æ /admin/shipping
Γö£ ╞Æ /checkout
Γö£ ╞Æ /checkout/success
Γö£ Γùï /icon.svg
Γö£ ╞Æ /opengraph-image
Γö£ ╞Æ /shop
Γöö ╞Æ /shop/[id]


╞Æ Proxy (Middleware)

Γùï  (Static)   prerendered as static content
╞Æ  (Dynamic)  server-rendered on demand

